[1.433s] Invoking command in '/home/memin/traffic_sim_ws/src/traffic_simulation': PYTHONPATH=/home/memin/traffic_sim_ws/build/traffic_simulation/prefix_override:/usr/lib/python3/dist-packages/colcon_core/task/python/colcon_distutils_commands:/home/memin/traffic_sim_ws/install/traffic_simulation/lib/python3.12/site-packages:${PYTHONPATH} /usr/bin/python3 -W ignore:setup.py install is deprecated -W ignore:easy_install command is deprecated setup.py egg_info --egg-base ../../build/traffic_simulation build --build-base /home/memin/traffic_sim_ws/build/traffic_simulation/build install --record /home/memin/traffic_sim_ws/build/traffic_simulation/install.log --single-version-externally-managed install_data
[1.946s] running egg_info
[1.982s] writing ../../build/traffic_simulation/traffic_simulation.egg-info/PKG-INFO
[1.983s] writing dependency_links to ../../build/traffic_simulation/traffic_simulation.egg-info/dependency_links.txt
[1.983s] writing entry points to ../../build/traffic_simulation/traffic_simulation.egg-info/entry_points.txt
[1.984s] writing requirements to ../../build/traffic_simulation/traffic_simulation.egg-info/requires.txt
[1.984s] writing top-level names to ../../build/traffic_simulation/traffic_simulation.egg-info/top_level.txt
[2.057s] reading manifest file '../../build/traffic_simulation/traffic_simulation.egg-info/SOURCES.txt'
[2.059s] writing manifest file '../../build/traffic_simulation/traffic_simulation.egg-info/SOURCES.txt'
[2.059s] running build
[2.060s] running build_py
[2.060s] running install
[2.069s] running install_lib
[2.106s] running install_data
[2.106s] copying launch/simple_visualizer.launch.py -> /home/memin/traffic_sim_ws/install/traffic_simulation/share/traffic_simulation/launch
[2.106s] running install_egg_info
[2.144s] removing '/home/memin/traffic_sim_ws/install/traffic_simulation/lib/python3.12/site-packages/traffic_simulation-0.0.1-py3.12.egg-info' (and everything under it)
[2.144s] Copying ../../build/traffic_simulation/traffic_simulation.egg-info to /home/memin/traffic_sim_ws/install/traffic_simulation/lib/python3.12/site-packages/traffic_simulation-0.0.1-py3.12.egg-info
[2.146s] running install_scripts
[2.397s] Installing gui script to /home/memin/traffic_sim_ws/install/traffic_simulation/lib/traffic_simulation
[2.398s] Installing simple_visualizer script to /home/memin/traffic_sim_ws/install/traffic_simulation/lib/traffic_simulation
[2.399s] writing list of installed files to '/home/memin/traffic_sim_ws/build/traffic_simulation/install.log'
[2.437s] Invoked command in '/home/memin/traffic_sim_ws/src/traffic_simulation' returned '0': PYTHONPATH=/home/memin/traffic_sim_ws/build/traffic_simulation/prefix_override:/usr/lib/python3/dist-packages/colcon_core/task/python/colcon_distutils_commands:/home/memin/traffic_sim_ws/install/traffic_simulation/lib/python3.12/site-packages:${PYTHONPATH} /usr/bin/python3 -W ignore:setup.py install is deprecated -W ignore:easy_install command is deprecated setup.py egg_info --egg-base ../../build/traffic_simulation build --build-base /home/memin/traffic_sim_ws/build/traffic_simulation/build install --record /home/memin/traffic_sim_ws/build/traffic_simulation/install.log --single-version-externally-managed install_data
