running develop
running egg_info
creating traffic_simulation.egg-info
writing traffic_simulation.egg-info/PKG-INFO
writing dependency_links to traffic_simulation.egg-info/dependency_links.txt
writing entry points to traffic_simulation.egg-info/entry_points.txt
writing requirements to traffic_simulation.egg-info/requires.txt
writing top-level names to traffic_simulation.egg-info/top_level.txt
writing manifest file 'traffic_simulation.egg-info/SOURCES.txt'
reading manifest file 'traffic_simulation.egg-info/SOURCES.txt'
writing manifest file 'traffic_simulation.egg-info/SOURCES.txt'
running build_ext
Creating /home/memin/traffic_sim_ws/install/traffic_simulation/lib/python3.12/site-packages/traffic-simulation.egg-link (link to .)
Installing collision_avoidance_node script to /home/memin/traffic_sim_ws/install/traffic_simulation/lib/traffic_simulation
Installing gui_node script to /home/memin/traffic_sim_ws/install/traffic_simulation/lib/traffic_simulation
Installing path_follower_node script to /home/memin/traffic_sim_ws/install/traffic_simulation/lib/traffic_simulation
Installing path_planner_node script to /home/memin/traffic_sim_ws/install/traffic_simulation/lib/traffic_simulation
Installing route_planner_node script to /home/memin/traffic_sim_ws/install/traffic_simulation/lib/traffic_simulation
Installing vel_subscriber_node script to /home/memin/traffic_sim_ws/install/traffic_simulation/lib/traffic_simulation

Installed /home/memin/traffic_sim_ws/build/traffic_simulation
running symlink_data
creating /home/memin/traffic_sim_ws/install/traffic_simulation/share/ament_index
creating /home/memin/traffic_sim_ws/install/traffic_simulation/share/ament_index/resource_index
creating /home/memin/traffic_sim_ws/install/traffic_simulation/share/ament_index/resource_index/packages
symbolically linking /home/memin/traffic_sim_ws/build/traffic_simulation/resource/traffic_simulation -> /home/memin/traffic_sim_ws/install/traffic_simulation/share/ament_index/resource_index/packages
symbolically linking /home/memin/traffic_sim_ws/build/traffic_simulation/package.xml -> /home/memin/traffic_sim_ws/install/traffic_simulation/share/traffic_simulation
creating /home/memin/traffic_sim_ws/install/traffic_simulation/share/traffic_simulation/config
symbolically linking /home/memin/traffic_sim_ws/build/traffic_simulation/traffic_simulation/config/default_config.yaml -> /home/memin/traffic_sim_ws/install/traffic_simulation/share/traffic_simulation/config
creating /home/memin/traffic_sim_ws/install/traffic_simulation/share/traffic_simulation/launch
symbolically linking /home/memin/traffic_sim_ws/build/traffic_simulation/launch/traffic_sim.launch.py -> /home/memin/traffic_sim_ws/install/traffic_simulation/share/traffic_simulation/launch
