[0.783s] Invoking command in '/home/memin/traffic_sim_ws/build/traffic_simulation': PYTHONPATH=/home/memin/traffic_sim_ws/build/traffic_simulation/prefix_override:/usr/lib/python3/dist-packages/colcon_core/task/python/colcon_distutils_commands:/home/memin/traffic_sim_ws/install/traffic_simulation/lib/python3.12/site-packages:${PYTHONPATH} /usr/bin/python3 -W ignore:setup.py install is deprecated -W ignore:easy_install command is deprecated setup.py develop --editable --build-directory /home/memin/traffic_sim_ws/build/traffic_simulation/build --no-deps symlink_data --force
[1.087s] running develop
[1.280s] running egg_info
[1.298s] writing traffic_simulation.egg-info/PKG-INFO
[1.299s] writing dependency_links to traffic_simulation.egg-info/dependency_links.txt
[1.299s] writing entry points to traffic_simulation.egg-info/entry_points.txt
[1.299s] writing requirements to traffic_simulation.egg-info/requires.txt
[1.299s] writing top-level names to traffic_simulation.egg-info/top_level.txt
[1.338s] reading manifest file 'traffic_simulation.egg-info/SOURCES.txt'
[1.339s] writing manifest file 'traffic_simulation.egg-info/SOURCES.txt'
[1.358s] running build_ext
[1.359s] Creating /home/memin/traffic_sim_ws/install/traffic_simulation/lib/python3.12/site-packages/traffic-simulation.egg-link (link to .)
[1.359s] Installing gui script to /home/memin/traffic_sim_ws/install/traffic_simulation/lib/traffic_simulation
[1.359s] 
[1.360s] Installed /home/memin/traffic_sim_ws/build/traffic_simulation
[1.360s] running symlink_data
[1.360s] symbolically linking /home/memin/traffic_sim_ws/build/traffic_simulation/resource/traffic_simulation -> /home/memin/traffic_sim_ws/install/traffic_simulation/share/ament_index/resource_index/packages
[1.361s] symbolically linking /home/memin/traffic_sim_ws/build/traffic_simulation/package.xml -> /home/memin/traffic_sim_ws/install/traffic_simulation/share/traffic_simulation
[1.361s] symbolically linking /home/memin/traffic_sim_ws/build/traffic_simulation/launch/traffic_sim.launch.py -> /home/memin/traffic_sim_ws/install/traffic_simulation/share/traffic_simulation/launch
[1.361s] symbolically linking /home/memin/traffic_sim_ws/build/traffic_simulation/launch/traffic_sim_fixed.launch.py -> /home/memin/traffic_sim_ws/install/traffic_simulation/share/traffic_simulation/launch
[1.362s] symbolically linking /home/memin/traffic_sim_ws/build/traffic_simulation/traffic_simulation/models/car.png -> /home/memin/traffic_sim_ws/install/traffic_simulation/share/traffic_simulation/models
[1.391s] Invoked command in '/home/memin/traffic_sim_ws/build/traffic_simulation' returned '0': PYTHONPATH=/home/memin/traffic_sim_ws/build/traffic_simulation/prefix_override:/usr/lib/python3/dist-packages/colcon_core/task/python/colcon_distutils_commands:/home/memin/traffic_sim_ws/install/traffic_simulation/lib/python3.12/site-packages:${PYTHONPATH} /usr/bin/python3 -W ignore:setup.py install is deprecated -W ignore:easy_install command is deprecated setup.py develop --editable --build-directory /home/memin/traffic_sim_ws/build/traffic_simulation/build --no-deps symlink_data --force
