[1.380s] Invoking command in '/home/memin/traffic_sim_ws/src/traffic_simulation': PYTHONPATH=/home/memin/traffic_sim_ws/build/traffic_simulation/prefix_override:/usr/lib/python3/dist-packages/colcon_core/task/python/colcon_distutils_commands:/home/memin/traffic_sim_ws/install/traffic_simulation/lib/python3.12/site-packages:${PYTHONPATH} /usr/bin/python3 -W ignore:setup.py install is deprecated -W ignore:easy_install command is deprecated setup.py egg_info --egg-base ../../build/traffic_simulation build --build-base /home/memin/traffic_sim_ws/build/traffic_simulation/build install --record /home/memin/traffic_sim_ws/build/traffic_simulation/install.log --single-version-externally-managed install_data
[1.851s] running egg_info
[1.882s] writing ../../build/traffic_simulation/traffic_simulation.egg-info/PKG-INFO
[1.882s] writing dependency_links to ../../build/traffic_simulation/traffic_simulation.egg-info/dependency_links.txt
[1.883s] writing entry points to ../../build/traffic_simulation/traffic_simulation.egg-info/entry_points.txt
[1.883s] writing requirements to ../../build/traffic_simulation/traffic_simulation.egg-info/requires.txt
[1.883s] writing top-level names to ../../build/traffic_simulation/traffic_simulation.egg-info/top_level.txt
[1.952s] reading manifest file '../../build/traffic_simulation/traffic_simulation.egg-info/SOURCES.txt'
[1.953s] writing manifest file '../../build/traffic_simulation/traffic_simulation.egg-info/SOURCES.txt'
[1.954s] running build
[1.954s] running build_py
[1.954s] copying traffic_simulation/visualization/simple_visualizer.py -> /home/memin/traffic_sim_ws/build/traffic_simulation/build/lib/traffic_simulation/visualization
[1.956s] running install
[1.965s] running install_lib
[1.996s] copying /home/memin/traffic_sim_ws/build/traffic_simulation/build/lib/traffic_simulation/visualization/simple_visualizer.py -> /home/memin/traffic_sim_ws/install/traffic_simulation/lib/python3.12/site-packages/traffic_simulation/visualization
[1.998s] byte-compiling /home/memin/traffic_sim_ws/install/traffic_simulation/lib/python3.12/site-packages/traffic_simulation/visualization/simple_visualizer.py to simple_visualizer.cpython-312.pyc
[2.012s] running install_data
[2.012s] running install_egg_info
[2.048s] removing '/home/memin/traffic_sim_ws/install/traffic_simulation/lib/python3.12/site-packages/traffic_simulation-0.0.1-py3.12.egg-info' (and everything under it)
[2.049s] Copying ../../build/traffic_simulation/traffic_simulation.egg-info to /home/memin/traffic_sim_ws/install/traffic_simulation/lib/python3.12/site-packages/traffic_simulation-0.0.1-py3.12.egg-info
[2.051s] running install_scripts
[2.319s] Installing gui script to /home/memin/traffic_sim_ws/install/traffic_simulation/lib/traffic_simulation
[2.319s] Installing simple_visualizer script to /home/memin/traffic_sim_ws/install/traffic_simulation/lib/traffic_simulation
[2.320s] writing list of installed files to '/home/memin/traffic_sim_ws/build/traffic_simulation/install.log'
[2.368s] Invoked command in '/home/memin/traffic_sim_ws/src/traffic_simulation' returned '0': PYTHONPATH=/home/memin/traffic_sim_ws/build/traffic_simulation/prefix_override:/usr/lib/python3/dist-packages/colcon_core/task/python/colcon_distutils_commands:/home/memin/traffic_sim_ws/install/traffic_simulation/lib/python3.12/site-packages:${PYTHONPATH} /usr/bin/python3 -W ignore:setup.py install is deprecated -W ignore:easy_install command is deprecated setup.py egg_info --egg-base ../../build/traffic_simulation build --build-base /home/memin/traffic_sim_ws/build/traffic_simulation/build install --record /home/memin/traffic_sim_ws/build/traffic_simulation/install.log --single-version-externally-managed install_data
