running develop
Removing /home/memin/traffic_sim_ws/install/traffic_simulation/lib/python3.12/site-packages/traffic-simulation.egg-link (link to .)
running egg_info
writing ../../build/traffic_simulation/traffic_simulation.egg-info/PKG-INFO
writing dependency_links to ../../build/traffic_simulation/traffic_simulation.egg-info/dependency_links.txt
writing entry points to ../../build/traffic_simulation/traffic_simulation.egg-info/entry_points.txt
writing requirements to ../../build/traffic_simulation/traffic_simulation.egg-info/requires.txt
writing top-level names to ../../build/traffic_simulation/traffic_simulation.egg-info/top_level.txt
reading manifest file '../../build/traffic_simulation/traffic_simulation.egg-info/SOURCES.txt'
writing manifest file '../../build/traffic_simulation/traffic_simulation.egg-info/SOURCES.txt'
running build
running build_py
creating /home/memin/traffic_sim_ws/build/traffic_simulation/build
creating /home/memin/traffic_sim_ws/build/traffic_simulation/build/lib
creating /home/memin/traffic_sim_ws/build/traffic_simulation/build/lib/traffic_simulation
copying traffic_simulation/__init__.py -> /home/memin/traffic_sim_ws/build/traffic_simulation/build/lib/traffic_simulation
copying traffic_simulation/traffic_simulation_node.py -> /home/memin/traffic_sim_ws/build/traffic_simulation/build/lib/traffic_simulation
creating /home/memin/traffic_sim_ws/build/traffic_simulation/build/lib/traffic_simulation/utils
copying traffic_simulation/utils/__init__.py -> /home/memin/traffic_sim_ws/build/traffic_simulation/build/lib/traffic_simulation/utils
creating /home/memin/traffic_sim_ws/build/traffic_simulation/build/lib/traffic_simulation/models
copying traffic_simulation/models/__init__.py -> /home/memin/traffic_sim_ws/build/traffic_simulation/build/lib/traffic_simulation/models
creating /home/memin/traffic_sim_ws/build/traffic_simulation/build/lib/traffic_simulation/planning
copying traffic_simulation/planning/route_planner.py -> /home/memin/traffic_sim_ws/build/traffic_simulation/build/lib/traffic_simulation/planning
copying traffic_simulation/planning/__init__.py -> /home/memin/traffic_sim_ws/build/traffic_simulation/build/lib/traffic_simulation/planning
copying traffic_simulation/planning/path_planner.py -> /home/memin/traffic_sim_ws/build/traffic_simulation/build/lib/traffic_simulation/planning
creating /home/memin/traffic_sim_ws/build/traffic_simulation/build/lib/traffic_simulation/visualization
copying traffic_simulation/visualization/gui.py -> /home/memin/traffic_sim_ws/build/traffic_simulation/build/lib/traffic_simulation/visualization
copying traffic_simulation/visualization/__init__.py -> /home/memin/traffic_sim_ws/build/traffic_simulation/build/lib/traffic_simulation/visualization
creating /home/memin/traffic_sim_ws/build/traffic_simulation/build/lib/traffic_simulation/control
copying traffic_simulation/control/__init__.py -> /home/memin/traffic_sim_ws/build/traffic_simulation/build/lib/traffic_simulation/control
copying traffic_simulation/control/path_follower.py -> /home/memin/traffic_sim_ws/build/traffic_simulation/build/lib/traffic_simulation/control
copying traffic_simulation/control/collision_avoidance.py -> /home/memin/traffic_sim_ws/build/traffic_simulation/build/lib/traffic_simulation/control
copying traffic_simulation/control/velocity_subscriber.py -> /home/memin/traffic_sim_ws/build/traffic_simulation/build/lib/traffic_simulation/control
running install
running install_lib
creating /home/memin/traffic_sim_ws/install/traffic_simulation/lib/python3.12/site-packages/traffic_simulation
creating /home/memin/traffic_sim_ws/install/traffic_simulation/lib/python3.12/site-packages/traffic_simulation/utils
copying /home/memin/traffic_sim_ws/build/traffic_simulation/build/lib/traffic_simulation/utils/__init__.py -> /home/memin/traffic_sim_ws/install/traffic_simulation/lib/python3.12/site-packages/traffic_simulation/utils
creating /home/memin/traffic_sim_ws/install/traffic_simulation/lib/python3.12/site-packages/traffic_simulation/models
copying /home/memin/traffic_sim_ws/build/traffic_simulation/build/lib/traffic_simulation/models/__init__.py -> /home/memin/traffic_sim_ws/install/traffic_simulation/lib/python3.12/site-packages/traffic_simulation/models
copying /home/memin/traffic_sim_ws/build/traffic_simulation/build/lib/traffic_simulation/__init__.py -> /home/memin/traffic_sim_ws/install/traffic_simulation/lib/python3.12/site-packages/traffic_simulation
creating /home/memin/traffic_sim_ws/install/traffic_simulation/lib/python3.12/site-packages/traffic_simulation/planning
copying /home/memin/traffic_sim_ws/build/traffic_simulation/build/lib/traffic_simulation/planning/route_planner.py -> /home/memin/traffic_sim_ws/install/traffic_simulation/lib/python3.12/site-packages/traffic_simulation/planning
copying /home/memin/traffic_sim_ws/build/traffic_simulation/build/lib/traffic_simulation/planning/__init__.py -> /home/memin/traffic_sim_ws/install/traffic_simulation/lib/python3.12/site-packages/traffic_simulation/planning
copying /home/memin/traffic_sim_ws/build/traffic_simulation/build/lib/traffic_simulation/planning/path_planner.py -> /home/memin/traffic_sim_ws/install/traffic_simulation/lib/python3.12/site-packages/traffic_simulation/planning
creating /home/memin/traffic_sim_ws/install/traffic_simulation/lib/python3.12/site-packages/traffic_simulation/visualization
copying /home/memin/traffic_sim_ws/build/traffic_simulation/build/lib/traffic_simulation/visualization/gui.py -> /home/memin/traffic_sim_ws/install/traffic_simulation/lib/python3.12/site-packages/traffic_simulation/visualization
copying /home/memin/traffic_sim_ws/build/traffic_simulation/build/lib/traffic_simulation/visualization/__init__.py -> /home/memin/traffic_sim_ws/install/traffic_simulation/lib/python3.12/site-packages/traffic_simulation/visualization
creating /home/memin/traffic_sim_ws/install/traffic_simulation/lib/python3.12/site-packages/traffic_simulation/control
copying /home/memin/traffic_sim_ws/build/traffic_simulation/build/lib/traffic_simulation/control/__init__.py -> /home/memin/traffic_sim_ws/install/traffic_simulation/lib/python3.12/site-packages/traffic_simulation/control
copying /home/memin/traffic_sim_ws/build/traffic_simulation/build/lib/traffic_simulation/control/path_follower.py -> /home/memin/traffic_sim_ws/install/traffic_simulation/lib/python3.12/site-packages/traffic_simulation/control
copying /home/memin/traffic_sim_ws/build/traffic_simulation/build/lib/traffic_simulation/control/collision_avoidance.py -> /home/memin/traffic_sim_ws/install/traffic_simulation/lib/python3.12/site-packages/traffic_simulation/control
copying /home/memin/traffic_sim_ws/build/traffic_simulation/build/lib/traffic_simulation/control/velocity_subscriber.py -> /home/memin/traffic_sim_ws/install/traffic_simulation/lib/python3.12/site-packages/traffic_simulation/control
copying /home/memin/traffic_sim_ws/build/traffic_simulation/build/lib/traffic_simulation/traffic_simulation_node.py -> /home/memin/traffic_sim_ws/install/traffic_simulation/lib/python3.12/site-packages/traffic_simulation
byte-compiling /home/memin/traffic_sim_ws/install/traffic_simulation/lib/python3.12/site-packages/traffic_simulation/utils/__init__.py to __init__.cpython-312.pyc
byte-compiling /home/memin/traffic_sim_ws/install/traffic_simulation/lib/python3.12/site-packages/traffic_simulation/models/__init__.py to __init__.cpython-312.pyc
byte-compiling /home/memin/traffic_sim_ws/install/traffic_simulation/lib/python3.12/site-packages/traffic_simulation/__init__.py to __init__.cpython-312.pyc
byte-compiling /home/memin/traffic_sim_ws/install/traffic_simulation/lib/python3.12/site-packages/traffic_simulation/planning/route_planner.py to route_planner.cpython-312.pyc
byte-compiling /home/memin/traffic_sim_ws/install/traffic_simulation/lib/python3.12/site-packages/traffic_simulation/planning/__init__.py to __init__.cpython-312.pyc
byte-compiling /home/memin/traffic_sim_ws/install/traffic_simulation/lib/python3.12/site-packages/traffic_simulation/planning/path_planner.py to path_planner.cpython-312.pyc
byte-compiling /home/memin/traffic_sim_ws/install/traffic_simulation/lib/python3.12/site-packages/traffic_simulation/visualization/gui.py to gui.cpython-312.pyc
byte-compiling /home/memin/traffic_sim_ws/install/traffic_simulation/lib/python3.12/site-packages/traffic_simulation/visualization/__init__.py to __init__.cpython-312.pyc
byte-compiling /home/memin/traffic_sim_ws/install/traffic_simulation/lib/python3.12/site-packages/traffic_simulation/control/__init__.py to __init__.cpython-312.pyc
byte-compiling /home/memin/traffic_sim_ws/install/traffic_simulation/lib/python3.12/site-packages/traffic_simulation/control/path_follower.py to path_follower.cpython-312.pyc
byte-compiling /home/memin/traffic_sim_ws/install/traffic_simulation/lib/python3.12/site-packages/traffic_simulation/control/collision_avoidance.py to collision_avoidance.cpython-312.pyc
byte-compiling /home/memin/traffic_sim_ws/install/traffic_simulation/lib/python3.12/site-packages/traffic_simulation/control/velocity_subscriber.py to velocity_subscriber.cpython-312.pyc
byte-compiling /home/memin/traffic_sim_ws/install/traffic_simulation/lib/python3.12/site-packages/traffic_simulation/traffic_simulation_node.py to traffic_simulation_node.cpython-312.pyc
running install_data
copying resource/traffic_simulation -> /home/memin/traffic_sim_ws/install/traffic_simulation/share/ament_index/resource_index/packages
copying package.xml -> /home/memin/traffic_sim_ws/install/traffic_simulation/share/traffic_simulation
copying traffic_simulation/config/default_config.yaml -> /home/memin/traffic_sim_ws/install/traffic_simulation/share/traffic_simulation/config
copying launch/traffic_sim.launch.py -> /home/memin/traffic_sim_ws/install/traffic_simulation/share/traffic_simulation/launch
running install_egg_info
Copying ../../build/traffic_simulation/traffic_simulation.egg-info to /home/memin/traffic_sim_ws/install/traffic_simulation/lib/python3.12/site-packages/traffic_simulation-0.0.1-py3.12.egg-info
running install_scripts
Installing collision_avoidance_node script to /home/memin/traffic_sim_ws/install/traffic_simulation/lib/traffic_simulation
Installing gui_node script to /home/memin/traffic_sim_ws/install/traffic_simulation/lib/traffic_simulation
Installing path_follower_node script to /home/memin/traffic_sim_ws/install/traffic_simulation/lib/traffic_simulation
Installing path_planner_node script to /home/memin/traffic_sim_ws/install/traffic_simulation/lib/traffic_simulation
Installing route_planner_node script to /home/memin/traffic_sim_ws/install/traffic_simulation/lib/traffic_simulation
Installing vel_subscriber_node script to /home/memin/traffic_sim_ws/install/traffic_simulation/lib/traffic_simulation
writing list of installed files to '/home/memin/traffic_sim_ws/build/traffic_simulation/install.log'
