running egg_info
writing ../../build/traffic_simulation/traffic_simulation.egg-info/PKG-INFO
writing dependency_links to ../../build/traffic_simulation/traffic_simulation.egg-info/dependency_links.txt
writing entry points to ../../build/traffic_simulation/traffic_simulation.egg-info/entry_points.txt
writing requirements to ../../build/traffic_simulation/traffic_simulation.egg-info/requires.txt
writing top-level names to ../../build/traffic_simulation/traffic_simulation.egg-info/top_level.txt
reading manifest file '../../build/traffic_simulation/traffic_simulation.egg-info/SOURCES.txt'
writing manifest file '../../build/traffic_simulation/traffic_simulation.egg-info/SOURCES.txt'
running build
running build_py
running install
running install_lib
byte-compiling /home/memin/traffic_sim_ws/install/traffic_simulation/lib/python3.12/site-packages/traffic_simulation/visualization/gui.py to gui.cpython-312.pyc
byte-compiling /home/memin/traffic_sim_ws/install/traffic_simulation/lib/python3.12/site-packages/traffic_simulation/visualization/__init__.py to __init__.cpython-312.pyc
byte-compiling /home/memin/traffic_sim_ws/install/traffic_simulation/lib/python3.12/site-packages/traffic_simulation/visualization/vehicle.py to vehicle.cpython-312.pyc
running install_data
running install_egg_info
removing '/home/memin/traffic_sim_ws/install/traffic_simulation/lib/python3.12/site-packages/traffic_simulation-0.0.1-py3.12.egg-info' (and everything under it)
Copying ../../build/traffic_simulation/traffic_simulation.egg-info to /home/memin/traffic_sim_ws/install/traffic_simulation/lib/python3.12/site-packages/traffic_simulation-0.0.1-py3.12.egg-info
running install_scripts
Installing gui script to /home/memin/traffic_sim_ws/install/traffic_simulation/lib/traffic_simulation
writing list of installed files to '/home/memin/traffic_sim_ws/build/traffic_simulation/install.log'
