/home/memin/traffic_sim_ws/install/traffic_simulation/lib/python3.12/site-packages/traffic_simulation/__init__.py
/home/memin/traffic_sim_ws/install/traffic_simulation/lib/python3.12/site-packages/traffic_simulation/traffic_simulation_node.py
/home/memin/traffic_sim_ws/install/traffic_simulation/lib/python3.12/site-packages/traffic_simulation/utils/__init__.py
/home/memin/traffic_sim_ws/install/traffic_simulation/lib/python3.12/site-packages/traffic_simulation/models/__init__.py
/home/memin/traffic_sim_ws/install/traffic_simulation/lib/python3.12/site-packages/traffic_simulation/planning/route_planner.py
/home/memin/traffic_sim_ws/install/traffic_simulation/lib/python3.12/site-packages/traffic_simulation/planning/__init__.py
/home/memin/traffic_sim_ws/install/traffic_simulation/lib/python3.12/site-packages/traffic_simulation/planning/path_planner.py
/home/memin/traffic_sim_ws/install/traffic_simulation/lib/python3.12/site-packages/traffic_simulation/visualization/gui.py
/home/memin/traffic_sim_ws/install/traffic_simulation/lib/python3.12/site-packages/traffic_simulation/visualization/__init__.py
/home/memin/traffic_sim_ws/install/traffic_simulation/lib/python3.12/site-packages/traffic_simulation/control/__init__.py
/home/memin/traffic_sim_ws/install/traffic_simulation/lib/python3.12/site-packages/traffic_simulation/control/path_follower.py
/home/memin/traffic_sim_ws/install/traffic_simulation/lib/python3.12/site-packages/traffic_simulation/control/collision_avoidance.py
/home/memin/traffic_sim_ws/install/traffic_simulation/lib/python3.12/site-packages/traffic_simulation/control/velocity_subscriber.py
/home/memin/traffic_sim_ws/install/traffic_simulation/lib/python3.12/site-packages/traffic_simulation/__pycache__/__init__.cpython-312.pyc
/home/memin/traffic_sim_ws/install/traffic_simulation/lib/python3.12/site-packages/traffic_simulation/__pycache__/traffic_simulation_node.cpython-312.pyc
/home/memin/traffic_sim_ws/install/traffic_simulation/lib/python3.12/site-packages/traffic_simulation/utils/__pycache__/__init__.cpython-312.pyc
/home/memin/traffic_sim_ws/install/traffic_simulation/lib/python3.12/site-packages/traffic_simulation/models/__pycache__/__init__.cpython-312.pyc
/home/memin/traffic_sim_ws/install/traffic_simulation/lib/python3.12/site-packages/traffic_simulation/planning/__pycache__/route_planner.cpython-312.pyc
/home/memin/traffic_sim_ws/install/traffic_simulation/lib/python3.12/site-packages/traffic_simulation/planning/__pycache__/__init__.cpython-312.pyc
/home/memin/traffic_sim_ws/install/traffic_simulation/lib/python3.12/site-packages/traffic_simulation/planning/__pycache__/path_planner.cpython-312.pyc
/home/memin/traffic_sim_ws/install/traffic_simulation/lib/python3.12/site-packages/traffic_simulation/visualization/__pycache__/gui.cpython-312.pyc
/home/memin/traffic_sim_ws/install/traffic_simulation/lib/python3.12/site-packages/traffic_simulation/visualization/__pycache__/__init__.cpython-312.pyc
/home/memin/traffic_sim_ws/install/traffic_simulation/lib/python3.12/site-packages/traffic_simulation/control/__pycache__/__init__.cpython-312.pyc
/home/memin/traffic_sim_ws/install/traffic_simulation/lib/python3.12/site-packages/traffic_simulation/control/__pycache__/path_follower.cpython-312.pyc
/home/memin/traffic_sim_ws/install/traffic_simulation/lib/python3.12/site-packages/traffic_simulation/control/__pycache__/collision_avoidance.cpython-312.pyc
/home/memin/traffic_sim_ws/install/traffic_simulation/lib/python3.12/site-packages/traffic_simulation/control/__pycache__/velocity_subscriber.cpython-312.pyc
/home/memin/traffic_sim_ws/install/traffic_simulation/share/ament_index/resource_index/packages/traffic_simulation
/home/memin/traffic_sim_ws/install/traffic_simulation/share/traffic_simulation/package.xml
/home/memin/traffic_sim_ws/install/traffic_simulation/share/traffic_simulation/config/default_config.yaml
/home/memin/traffic_sim_ws/install/traffic_simulation/share/traffic_simulation/launch/traffic_sim.launch.py
/home/memin/traffic_sim_ws/install/traffic_simulation/lib/python3.12/site-packages/traffic_simulation-0.0.1-py3.12.egg-info/SOURCES.txt
/home/memin/traffic_sim_ws/install/traffic_simulation/lib/python3.12/site-packages/traffic_simulation-0.0.1-py3.12.egg-info/entry_points.txt
/home/memin/traffic_sim_ws/install/traffic_simulation/lib/python3.12/site-packages/traffic_simulation-0.0.1-py3.12.egg-info/dependency_links.txt
/home/memin/traffic_sim_ws/install/traffic_simulation/lib/python3.12/site-packages/traffic_simulation-0.0.1-py3.12.egg-info/requires.txt
/home/memin/traffic_sim_ws/install/traffic_simulation/lib/python3.12/site-packages/traffic_simulation-0.0.1-py3.12.egg-info/zip-safe
/home/memin/traffic_sim_ws/install/traffic_simulation/lib/python3.12/site-packages/traffic_simulation-0.0.1-py3.12.egg-info/PKG-INFO
/home/memin/traffic_sim_ws/install/traffic_simulation/lib/python3.12/site-packages/traffic_simulation-0.0.1-py3.12.egg-info/top_level.txt
/home/memin/traffic_sim_ws/install/traffic_simulation/lib/traffic_simulation/collision_avoidance_node
/home/memin/traffic_sim_ws/install/traffic_simulation/lib/traffic_simulation/gui_node
/home/memin/traffic_sim_ws/install/traffic_simulation/lib/traffic_simulation/path_follower_node
/home/memin/traffic_sim_ws/install/traffic_simulation/lib/traffic_simulation/path_planner_node
/home/memin/traffic_sim_ws/install/traffic_simulation/lib/traffic_simulation/route_planner_node
/home/memin/traffic_sim_ws/install/traffic_simulation/lib/traffic_simulation/vel_subscriber_node
