running egg_info
creating ../../build/traffic_simulation/traffic_simulation.egg-info
writing ../../build/traffic_simulation/traffic_simulation.egg-info/PKG-INFO
writing dependency_links to ../../build/traffic_simulation/traffic_simulation.egg-info/dependency_links.txt
writing entry points to ../../build/traffic_simulation/traffic_simulation.egg-info/entry_points.txt
writing requirements to ../../build/traffic_simulation/traffic_simulation.egg-info/requires.txt
writing top-level names to ../../build/traffic_simulation/traffic_simulation.egg-info/top_level.txt
writing manifest file '../../build/traffic_simulation/traffic_simulation.egg-info/SOURCES.txt'
reading manifest file '../../build/traffic_simulation/traffic_simulation.egg-info/SOURCES.txt'
writing manifest file '../../build/traffic_simulation/traffic_simulation.egg-info/SOURCES.txt'
running build
running build_py
creating /home/memin/traffic_sim_ws/build/traffic_simulation/build
creating /home/memin/traffic_sim_ws/build/traffic_simulation/build/lib
creating /home/memin/traffic_sim_ws/build/traffic_simulation/build/lib/traffic_simulation
copying traffic_simulation/__init__.py -> /home/memin/traffic_sim_ws/build/traffic_simulation/build/lib/traffic_simulation
running install
running install_lib
creating /home/memin/traffic_sim_ws/install/traffic_simulation/lib/python3.12/site-packages/traffic_simulation
copying /home/memin/traffic_sim_ws/build/traffic_simulation/build/lib/traffic_simulation/__init__.py -> /home/memin/traffic_sim_ws/install/traffic_simulation/lib/python3.12/site-packages/traffic_simulation
byte-compiling /home/memin/traffic_sim_ws/install/traffic_simulation/lib/python3.12/site-packages/traffic_simulation/__init__.py to __init__.cpython-312.pyc
running install_data
creating /home/memin/traffic_sim_ws/install/traffic_simulation/share/ament_index
creating /home/memin/traffic_sim_ws/install/traffic_simulation/share/ament_index/resource_index
creating /home/memin/traffic_sim_ws/install/traffic_simulation/share/ament_index/resource_index/packages
copying resource/traffic_simulation -> /home/memin/traffic_sim_ws/install/traffic_simulation/share/ament_index/resource_index/packages
copying package.xml -> /home/memin/traffic_sim_ws/install/traffic_simulation/share/traffic_simulation
creating /home/memin/traffic_sim_ws/install/traffic_simulation/share/traffic_simulation/launch
copying launch/simple_visualizer.launch.py -> /home/memin/traffic_sim_ws/install/traffic_simulation/share/traffic_simulation/launch
copying launch/traffic_sim.launch.py -> /home/memin/traffic_sim_ws/install/traffic_simulation/share/traffic_simulation/launch
creating /home/memin/traffic_sim_ws/install/traffic_simulation/share/traffic_simulation/models
running install_egg_info
Copying ../../build/traffic_simulation/traffic_simulation.egg-info to /home/memin/traffic_sim_ws/install/traffic_simulation/lib/python3.12/site-packages/traffic_simulation-0.0.1-py3.12.egg-info
running install_scripts
Installing gui script to /home/memin/traffic_sim_ws/install/traffic_simulation/lib/traffic_simulation
Installing simple_visualizer script to /home/memin/traffic_sim_ws/install/traffic_simulation/lib/traffic_simulation
writing list of installed files to '/home/memin/traffic_sim_ws/build/traffic_simulation/install.log'
