[1.855s] Invoking command in '/home/memin/traffic_sim_ws/src/traffic_simulation': PYTHONPATH=/home/memin/traffic_sim_ws/build/traffic_simulation/prefix_override:/usr/lib/python3/dist-packages/colcon_core/task/python/colcon_distutils_commands:/home/memin/traffic_sim_ws/install/traffic_simulation/lib/python3.12/site-packages:${PYTHONPATH} /usr/bin/python3 -W ignore:setup.py install is deprecated -W ignore:easy_install command is deprecated setup.py egg_info --egg-base ../../build/traffic_simulation build --build-base /home/memin/traffic_sim_ws/build/traffic_simulation/build install --record /home/memin/traffic_sim_ws/build/traffic_simulation/install.log --single-version-externally-managed install_data
[2.323s] running egg_info
[2.324s] creating ../../build/traffic_simulation/traffic_simulation.egg-info
[2.352s] writing ../../build/traffic_simulation/traffic_simulation.egg-info/PKG-INFO
[2.353s] writing dependency_links to ../../build/traffic_simulation/traffic_simulation.egg-info/dependency_links.txt
[2.353s] writing entry points to ../../build/traffic_simulation/traffic_simulation.egg-info/entry_points.txt
[2.353s] writing requirements to ../../build/traffic_simulation/traffic_simulation.egg-info/requires.txt
[2.354s] writing top-level names to ../../build/traffic_simulation/traffic_simulation.egg-info/top_level.txt
[2.354s] writing manifest file '../../build/traffic_simulation/traffic_simulation.egg-info/SOURCES.txt'
[2.408s] reading manifest file '../../build/traffic_simulation/traffic_simulation.egg-info/SOURCES.txt'
[2.409s] writing manifest file '../../build/traffic_simulation/traffic_simulation.egg-info/SOURCES.txt'
[2.410s] running build
[2.410s] running build_py
[2.411s] creating /home/memin/traffic_sim_ws/build/traffic_simulation/build
[2.411s] creating /home/memin/traffic_sim_ws/build/traffic_simulation/build/lib
[2.411s] creating /home/memin/traffic_sim_ws/build/traffic_simulation/build/lib/traffic_simulation
[2.411s] copying traffic_simulation/__init__.py -> /home/memin/traffic_sim_ws/build/traffic_simulation/build/lib/traffic_simulation
[2.411s] running install
[2.419s] running install_lib
[2.447s] creating /home/memin/traffic_sim_ws/install/traffic_simulation/lib/python3.12/site-packages/traffic_simulation
[2.447s] copying /home/memin/traffic_sim_ws/build/traffic_simulation/build/lib/traffic_simulation/__init__.py -> /home/memin/traffic_sim_ws/install/traffic_simulation/lib/python3.12/site-packages/traffic_simulation
[2.448s] byte-compiling /home/memin/traffic_sim_ws/install/traffic_simulation/lib/python3.12/site-packages/traffic_simulation/__init__.py to __init__.cpython-312.pyc
[2.449s] running install_data
[2.449s] creating /home/memin/traffic_sim_ws/install/traffic_simulation/share/ament_index
[2.450s] creating /home/memin/traffic_sim_ws/install/traffic_simulation/share/ament_index/resource_index
[2.450s] creating /home/memin/traffic_sim_ws/install/traffic_simulation/share/ament_index/resource_index/packages
[2.450s] copying resource/traffic_simulation -> /home/memin/traffic_sim_ws/install/traffic_simulation/share/ament_index/resource_index/packages
[2.450s] copying package.xml -> /home/memin/traffic_sim_ws/install/traffic_simulation/share/traffic_simulation
[2.451s] creating /home/memin/traffic_sim_ws/install/traffic_simulation/share/traffic_simulation/launch
[2.451s] copying launch/simple_visualizer.launch.py -> /home/memin/traffic_sim_ws/install/traffic_simulation/share/traffic_simulation/launch
[2.451s] copying launch/traffic_sim.launch.py -> /home/memin/traffic_sim_ws/install/traffic_simulation/share/traffic_simulation/launch
[2.451s] creating /home/memin/traffic_sim_ws/install/traffic_simulation/share/traffic_simulation/models
[2.451s] running install_egg_info
[2.479s] Copying ../../build/traffic_simulation/traffic_simulation.egg-info to /home/memin/traffic_sim_ws/install/traffic_simulation/lib/python3.12/site-packages/traffic_simulation-0.0.1-py3.12.egg-info
[2.480s] running install_scripts
[2.660s] Installing gui script to /home/memin/traffic_sim_ws/install/traffic_simulation/lib/traffic_simulation
[2.661s] Installing simple_visualizer script to /home/memin/traffic_sim_ws/install/traffic_simulation/lib/traffic_simulation
[2.661s] writing list of installed files to '/home/memin/traffic_sim_ws/build/traffic_simulation/install.log'
[2.693s] Invoked command in '/home/memin/traffic_sim_ws/src/traffic_simulation' returned '0': PYTHONPATH=/home/memin/traffic_sim_ws/build/traffic_simulation/prefix_override:/usr/lib/python3/dist-packages/colcon_core/task/python/colcon_distutils_commands:/home/memin/traffic_sim_ws/install/traffic_simulation/lib/python3.12/site-packages:${PYTHONPATH} /usr/bin/python3 -W ignore:setup.py install is deprecated -W ignore:easy_install command is deprecated setup.py egg_info --egg-base ../../build/traffic_simulation build --build-base /home/memin/traffic_sim_ws/build/traffic_simulation/build install --record /home/memin/traffic_sim_ws/build/traffic_simulation/install.log --single-version-externally-managed install_data
