[1.229s] Invoking command in '/home/memin/traffic_sim_ws/build/traffic_simulation': PYTHONPATH=/home/memin/traffic_sim_ws/build/traffic_simulation/prefix_override:/usr/lib/python3/dist-packages/colcon_core/task/python/colcon_distutils_commands:/home/memin/traffic_sim_ws/install/traffic_simulation/lib/python3.12/site-packages:${PYTHONPATH} /usr/bin/python3 -W ignore:setup.py install is deprecated -W ignore:easy_install command is deprecated setup.py develop --editable --build-directory /home/memin/traffic_sim_ws/build/traffic_simulation/build --no-deps symlink_data
[1.539s] running develop
[1.738s] running egg_info
[1.758s] writing traffic_simulation.egg-info/PKG-INFO
[1.758s] writing dependency_links to traffic_simulation.egg-info/dependency_links.txt
[1.758s] writing entry points to traffic_simulation.egg-info/entry_points.txt
[1.759s] writing requirements to traffic_simulation.egg-info/requires.txt
[1.759s] writing top-level names to traffic_simulation.egg-info/top_level.txt
[1.797s] reading manifest file 'traffic_simulation.egg-info/SOURCES.txt'
[1.799s] writing manifest file 'traffic_simulation.egg-info/SOURCES.txt'
[1.819s] running build_ext
[1.819s] Creating /home/memin/traffic_sim_ws/install/traffic_simulation/lib/python3.12/site-packages/traffic-simulation.egg-link (link to .)
[1.820s] Installing collision_avoidance_node script to /home/memin/traffic_sim_ws/install/traffic_simulation/lib/traffic_simulation
[1.820s] Installing gui_node script to /home/memin/traffic_sim_ws/install/traffic_simulation/lib/traffic_simulation
[1.820s] Installing path_follower_node script to /home/memin/traffic_sim_ws/install/traffic_simulation/lib/traffic_simulation
[1.821s] Installing path_planner_node script to /home/memin/traffic_sim_ws/install/traffic_simulation/lib/traffic_simulation
[1.821s] Installing route_planner_node script to /home/memin/traffic_sim_ws/install/traffic_simulation/lib/traffic_simulation
[1.821s] Installing vel_subscriber_node script to /home/memin/traffic_sim_ws/install/traffic_simulation/lib/traffic_simulation
[1.821s] 
[1.821s] Installed /home/memin/traffic_sim_ws/build/traffic_simulation
[1.821s] running symlink_data
[1.850s] Invoked command in '/home/memin/traffic_sim_ws/build/traffic_simulation' returned '0': PYTHONPATH=/home/memin/traffic_sim_ws/build/traffic_simulation/prefix_override:/usr/lib/python3/dist-packages/colcon_core/task/python/colcon_distutils_commands:/home/memin/traffic_sim_ws/install/traffic_simulation/lib/python3.12/site-packages:${PYTHONPATH} /usr/bin/python3 -W ignore:setup.py install is deprecated -W ignore:easy_install command is deprecated setup.py develop --editable --build-directory /home/memin/traffic_sim_ws/build/traffic_simulation/build --no-deps symlink_data
