[0.793s] Invoking command in '/home/memin/traffic_sim_ws/src/traffic_simulation': PYTHONPATH=/home/memin/traffic_sim_ws/build/traffic_simulation/prefix_override:/usr/lib/python3/dist-packages/colcon_core/task/python/colcon_distutils_commands:/home/memin/traffic_sim_ws/install/traffic_simulation/lib/python3.12/site-packages:${PYTHONPATH} /usr/bin/python3 -W ignore:setup.py install is deprecated -W ignore:easy_install command is deprecated setup.py egg_info --egg-base ../../build/traffic_simulation build --build-base /home/memin/traffic_sim_ws/build/traffic_simulation/build install --record /home/memin/traffic_sim_ws/build/traffic_simulation/install.log --single-version-externally-managed install_data
[1.053s] running egg_info
[1.072s] writing ../../build/traffic_simulation/traffic_simulation.egg-info/PKG-INFO
[1.072s] writing dependency_links to ../../build/traffic_simulation/traffic_simulation.egg-info/dependency_links.txt
[1.073s] writing entry points to ../../build/traffic_simulation/traffic_simulation.egg-info/entry_points.txt
[1.073s] writing requirements to ../../build/traffic_simulation/traffic_simulation.egg-info/requires.txt
[1.073s] writing top-level names to ../../build/traffic_simulation/traffic_simulation.egg-info/top_level.txt
[1.111s] reading manifest file '../../build/traffic_simulation/traffic_simulation.egg-info/SOURCES.txt'
[1.112s] writing manifest file '../../build/traffic_simulation/traffic_simulation.egg-info/SOURCES.txt'
[1.112s] running build
[1.112s] running build_py
[1.113s] copying traffic_simulation/visualization/simple_visualizer.py -> /home/memin/traffic_sim_ws/build/traffic_simulation/build/lib/traffic_simulation/visualization
[1.113s] creating /home/memin/traffic_sim_ws/build/traffic_simulation/build/lib/traffic_simulation/sensors
[1.114s] copying traffic_simulation/sensors/__init__.py -> /home/memin/traffic_sim_ws/build/traffic_simulation/build/lib/traffic_simulation/sensors
[1.114s] copying traffic_simulation/sensors/sensor.py -> /home/memin/traffic_sim_ws/build/traffic_simulation/build/lib/traffic_simulation/sensors
[1.114s] creating /home/memin/traffic_sim_ws/build/traffic_simulation/build/lib/traffic_simulation/communication
[1.114s] copying traffic_simulation/communication/__init__.py -> /home/memin/traffic_sim_ws/build/traffic_simulation/build/lib/traffic_simulation/communication
[1.114s] copying traffic_simulation/communication/iot.py -> /home/memin/traffic_sim_ws/build/traffic_simulation/build/lib/traffic_simulation/communication
[1.115s] creating /home/memin/traffic_sim_ws/build/traffic_simulation/build/lib/traffic_simulation/vehicles
[1.115s] copying traffic_simulation/vehicles/__init__.py -> /home/memin/traffic_sim_ws/build/traffic_simulation/build/lib/traffic_simulation/vehicles
[1.115s] copying traffic_simulation/vehicles/vehicle.py -> /home/memin/traffic_sim_ws/build/traffic_simulation/build/lib/traffic_simulation/vehicles
[1.116s] running install
[1.121s] running install_lib
[1.140s] creating /home/memin/traffic_sim_ws/install/traffic_simulation/lib/python3.12/site-packages/traffic_simulation/vehicles
[1.140s] copying /home/memin/traffic_sim_ws/build/traffic_simulation/build/lib/traffic_simulation/vehicles/__init__.py -> /home/memin/traffic_sim_ws/install/traffic_simulation/lib/python3.12/site-packages/traffic_simulation/vehicles
[1.141s] copying /home/memin/traffic_sim_ws/build/traffic_simulation/build/lib/traffic_simulation/vehicles/vehicle.py -> /home/memin/traffic_sim_ws/install/traffic_simulation/lib/python3.12/site-packages/traffic_simulation/vehicles
[1.141s] creating /home/memin/traffic_sim_ws/install/traffic_simulation/lib/python3.12/site-packages/traffic_simulation/sensors
[1.141s] copying /home/memin/traffic_sim_ws/build/traffic_simulation/build/lib/traffic_simulation/sensors/__init__.py -> /home/memin/traffic_sim_ws/install/traffic_simulation/lib/python3.12/site-packages/traffic_simulation/sensors
[1.141s] copying /home/memin/traffic_sim_ws/build/traffic_simulation/build/lib/traffic_simulation/sensors/sensor.py -> /home/memin/traffic_sim_ws/install/traffic_simulation/lib/python3.12/site-packages/traffic_simulation/sensors
[1.141s] copying /home/memin/traffic_sim_ws/build/traffic_simulation/build/lib/traffic_simulation/visualization/simple_visualizer.py -> /home/memin/traffic_sim_ws/install/traffic_simulation/lib/python3.12/site-packages/traffic_simulation/visualization
[1.142s] creating /home/memin/traffic_sim_ws/install/traffic_simulation/lib/python3.12/site-packages/traffic_simulation/communication
[1.142s] copying /home/memin/traffic_sim_ws/build/traffic_simulation/build/lib/traffic_simulation/communication/__init__.py -> /home/memin/traffic_sim_ws/install/traffic_simulation/lib/python3.12/site-packages/traffic_simulation/communication
[1.142s] copying /home/memin/traffic_sim_ws/build/traffic_simulation/build/lib/traffic_simulation/communication/iot.py -> /home/memin/traffic_sim_ws/install/traffic_simulation/lib/python3.12/site-packages/traffic_simulation/communication
[1.143s] byte-compiling /home/memin/traffic_sim_ws/install/traffic_simulation/lib/python3.12/site-packages/traffic_simulation/vehicles/__init__.py to __init__.cpython-312.pyc
[1.144s] byte-compiling /home/memin/traffic_sim_ws/install/traffic_simulation/lib/python3.12/site-packages/traffic_simulation/vehicles/vehicle.py to vehicle.cpython-312.pyc
[1.146s] byte-compiling /home/memin/traffic_sim_ws/install/traffic_simulation/lib/python3.12/site-packages/traffic_simulation/sensors/__init__.py to __init__.cpython-312.pyc
[1.147s] byte-compiling /home/memin/traffic_sim_ws/install/traffic_simulation/lib/python3.12/site-packages/traffic_simulation/sensors/sensor.py to sensor.cpython-312.pyc
[1.148s] byte-compiling /home/memin/traffic_sim_ws/install/traffic_simulation/lib/python3.12/site-packages/traffic_simulation/visualization/simple_visualizer.py to simple_visualizer.cpython-312.pyc
[1.151s] byte-compiling /home/memin/traffic_sim_ws/install/traffic_simulation/lib/python3.12/site-packages/traffic_simulation/communication/__init__.py to __init__.cpython-312.pyc
[1.152s] byte-compiling /home/memin/traffic_sim_ws/install/traffic_simulation/lib/python3.12/site-packages/traffic_simulation/communication/iot.py to iot.cpython-312.pyc
[1.153s] running install_data
[1.153s] running install_egg_info
[1.173s] removing '/home/memin/traffic_sim_ws/install/traffic_simulation/lib/python3.12/site-packages/traffic_simulation-0.0.1-py3.12.egg-info' (and everything under it)
[1.174s] Copying ../../build/traffic_simulation/traffic_simulation.egg-info to /home/memin/traffic_sim_ws/install/traffic_simulation/lib/python3.12/site-packages/traffic_simulation-0.0.1-py3.12.egg-info
[1.175s] running install_scripts
[1.298s] Installing gui script to /home/memin/traffic_sim_ws/install/traffic_simulation/lib/traffic_simulation
[1.298s] Installing simple_visualizer script to /home/memin/traffic_sim_ws/install/traffic_simulation/lib/traffic_simulation
[1.299s] writing list of installed files to '/home/memin/traffic_sim_ws/build/traffic_simulation/install.log'
[1.325s] Invoked command in '/home/memin/traffic_sim_ws/src/traffic_simulation' returned '0': PYTHONPATH=/home/memin/traffic_sim_ws/build/traffic_simulation/prefix_override:/usr/lib/python3/dist-packages/colcon_core/task/python/colcon_distutils_commands:/home/memin/traffic_sim_ws/install/traffic_simulation/lib/python3.12/site-packages:${PYTHONPATH} /usr/bin/python3 -W ignore:setup.py install is deprecated -W ignore:easy_install command is deprecated setup.py egg_info --egg-base ../../build/traffic_simulation build --build-base /home/memin/traffic_sim_ws/build/traffic_simulation/build install --record /home/memin/traffic_sim_ws/build/traffic_simulation/install.log --single-version-externally-managed install_data
