[0.751s] Invoking command in '/home/memin/traffic_sim_ws/build/traffic_simulation': PYTHONPATH=/home/memin/traffic_sim_ws/build/traffic_simulation/prefix_override:/usr/lib/python3/dist-packages/colcon_core/task/python/colcon_distutils_commands:/home/memin/traffic_sim_ws/install/traffic_simulation/lib/python3.12/site-packages:${PYTHONPATH} /usr/bin/python3 -W ignore:setup.py install is deprecated -W ignore:easy_install command is deprecated setup.py develop --uninstall --editable --build-directory /home/memin/traffic_sim_ws/build/traffic_simulation/build
[1.032s] running develop
[1.226s] Removing /home/memin/traffic_sim_ws/install/traffic_simulation/lib/python3.12/site-packages/traffic-simulation.egg-link (link to .)
[1.257s] Invoked command in '/home/memin/traffic_sim_ws/build/traffic_simulation' returned '0': PYTHONPATH=/home/memin/traffic_sim_ws/build/traffic_simulation/prefix_override:/usr/lib/python3/dist-packages/colcon_core/task/python/colcon_distutils_commands:/home/memin/traffic_sim_ws/install/traffic_simulation/lib/python3.12/site-packages:${PYTHONPATH} /usr/bin/python3 -W ignore:setup.py install is deprecated -W ignore:easy_install command is deprecated setup.py develop --uninstall --editable --build-directory /home/memin/traffic_sim_ws/build/traffic_simulation/build
[1.258s] Invoking command in '/home/memin/traffic_sim_ws/src/traffic_simulation': PYTHONPATH=/home/memin/traffic_sim_ws/build/traffic_simulation/prefix_override:/usr/lib/python3/dist-packages/colcon_core/task/python/colcon_distutils_commands:/home/memin/traffic_sim_ws/install/traffic_simulation/lib/python3.12/site-packages:${PYTHONPATH} /usr/bin/python3 -W ignore:setup.py install is deprecated -W ignore:easy_install command is deprecated setup.py egg_info --egg-base ../../build/traffic_simulation build --build-base /home/memin/traffic_sim_ws/build/traffic_simulation/build install --record /home/memin/traffic_sim_ws/build/traffic_simulation/install.log --single-version-externally-managed install_data --force
[1.499s] running egg_info
[1.526s] writing ../../build/traffic_simulation/traffic_simulation.egg-info/PKG-INFO
[1.526s] writing dependency_links to ../../build/traffic_simulation/traffic_simulation.egg-info/dependency_links.txt
[1.526s] writing entry points to ../../build/traffic_simulation/traffic_simulation.egg-info/entry_points.txt
[1.526s] writing requirements to ../../build/traffic_simulation/traffic_simulation.egg-info/requires.txt
[1.526s] writing top-level names to ../../build/traffic_simulation/traffic_simulation.egg-info/top_level.txt
[1.564s] reading manifest file '../../build/traffic_simulation/traffic_simulation.egg-info/SOURCES.txt'
[1.565s] writing manifest file '../../build/traffic_simulation/traffic_simulation.egg-info/SOURCES.txt'
[1.565s] running build
[1.566s] running build_py
[1.566s] running install
[1.571s] running install_lib
[1.589s] copying /home/memin/traffic_sim_ws/build/traffic_simulation/build/lib/traffic_simulation/__init__.py -> /home/memin/traffic_sim_ws/install/traffic_simulation/lib/python3.12/site-packages/traffic_simulation
[1.590s] byte-compiling /home/memin/traffic_sim_ws/install/traffic_simulation/lib/python3.12/site-packages/traffic_simulation/__init__.py to __init__.cpython-312.pyc
[1.591s] running install_data
[1.591s] copying resource/traffic_simulation -> /home/memin/traffic_sim_ws/install/traffic_simulation/share/ament_index/resource_index/packages
[1.591s] copying package.xml -> /home/memin/traffic_sim_ws/install/traffic_simulation/share/traffic_simulation
[1.592s] copying launch/traffic_sim.launch.py -> /home/memin/traffic_sim_ws/install/traffic_simulation/share/traffic_simulation/launch
[1.592s] copying launch/traffic_sim_fixed.launch.py -> /home/memin/traffic_sim_ws/install/traffic_simulation/share/traffic_simulation/launch
[1.592s] copying traffic_simulation/models/car.png -> /home/memin/traffic_sim_ws/install/traffic_simulation/share/traffic_simulation/models
[1.593s] running install_egg_info
[1.612s] Copying ../../build/traffic_simulation/traffic_simulation.egg-info to /home/memin/traffic_sim_ws/install/traffic_simulation/lib/python3.12/site-packages/traffic_simulation-0.0.1-py3.12.egg-info
[1.614s] running install_scripts
[1.735s] Installing gui script to /home/memin/traffic_sim_ws/install/traffic_simulation/lib/traffic_simulation
[1.735s] writing list of installed files to '/home/memin/traffic_sim_ws/build/traffic_simulation/install.log'
[1.761s] Invoked command in '/home/memin/traffic_sim_ws/src/traffic_simulation' returned '0': PYTHONPATH=/home/memin/traffic_sim_ws/build/traffic_simulation/prefix_override:/usr/lib/python3/dist-packages/colcon_core/task/python/colcon_distutils_commands:/home/memin/traffic_sim_ws/install/traffic_simulation/lib/python3.12/site-packages:${PYTHONPATH} /usr/bin/python3 -W ignore:setup.py install is deprecated -W ignore:easy_install command is deprecated setup.py egg_info --egg-base ../../build/traffic_simulation build --build-base /home/memin/traffic_sim_ws/build/traffic_simulation/build install --record /home/memin/traffic_sim_ws/build/traffic_simulation/install.log --single-version-externally-managed install_data --force
