[1.457s] Invoking command in '/home/memin/traffic_sim_ws/src/traffic_simulation': PYTHONPATH=/home/memin/traffic_sim_ws/build/traffic_simulation/prefix_override:/usr/lib/python3/dist-packages/colcon_core/task/python/colcon_distutils_commands:/home/memin/traffic_sim_ws/install/traffic_simulation/lib/python3.12/site-packages:${PYTHONPATH} /usr/bin/python3 -W ignore:setup.py install is deprecated -W ignore:easy_install command is deprecated setup.py egg_info --egg-base ../../build/traffic_simulation build --build-base /home/memin/traffic_sim_ws/build/traffic_simulation/build install --record /home/memin/traffic_sim_ws/build/traffic_simulation/install.log --single-version-externally-managed install_data
[1.936s] running egg_info
[1.971s] writing ../../build/traffic_simulation/traffic_simulation.egg-info/PKG-INFO
[1.971s] writing dependency_links to ../../build/traffic_simulation/traffic_simulation.egg-info/dependency_links.txt
[1.972s] writing entry points to ../../build/traffic_simulation/traffic_simulation.egg-info/entry_points.txt
[1.972s] writing requirements to ../../build/traffic_simulation/traffic_simulation.egg-info/requires.txt
[1.973s] writing top-level names to ../../build/traffic_simulation/traffic_simulation.egg-info/top_level.txt
[2.054s] reading manifest file '../../build/traffic_simulation/traffic_simulation.egg-info/SOURCES.txt'
[2.056s] writing manifest file '../../build/traffic_simulation/traffic_simulation.egg-info/SOURCES.txt'
[2.056s] running build
[2.056s] running build_py
[2.057s] creating /home/memin/traffic_sim_ws/build/traffic_simulation/build/lib/traffic_simulation/visualization
[2.057s] copying traffic_simulation/visualization/simple_visualizer.py -> /home/memin/traffic_sim_ws/build/traffic_simulation/build/lib/traffic_simulation/visualization
[2.058s] copying traffic_simulation/visualization/gui.py -> /home/memin/traffic_sim_ws/build/traffic_simulation/build/lib/traffic_simulation/visualization
[2.058s] copying traffic_simulation/visualization/__init__.py -> /home/memin/traffic_sim_ws/build/traffic_simulation/build/lib/traffic_simulation/visualization
[2.059s] copying traffic_simulation/visualization/vehicle.py -> /home/memin/traffic_sim_ws/build/traffic_simulation/build/lib/traffic_simulation/visualization
[2.059s] creating /home/memin/traffic_sim_ws/build/traffic_simulation/build/lib/traffic_simulation/planning
[2.059s] copying traffic_simulation/planning/route_planner.py -> /home/memin/traffic_sim_ws/build/traffic_simulation/build/lib/traffic_simulation/planning
[2.060s] copying traffic_simulation/planning/path_finder.py -> /home/memin/traffic_sim_ws/build/traffic_simulation/build/lib/traffic_simulation/planning
[2.060s] copying traffic_simulation/planning/__init__.py -> /home/memin/traffic_sim_ws/build/traffic_simulation/build/lib/traffic_simulation/planning
[2.061s] copying traffic_simulation/planning/path_planner.py -> /home/memin/traffic_sim_ws/build/traffic_simulation/build/lib/traffic_simulation/planning
[2.061s] creating /home/memin/traffic_sim_ws/build/traffic_simulation/build/lib/traffic_simulation/control
[2.062s] copying traffic_simulation/control/__init__.py -> /home/memin/traffic_sim_ws/build/traffic_simulation/build/lib/traffic_simulation/control
[2.062s] copying traffic_simulation/control/path_follower.py -> /home/memin/traffic_sim_ws/build/traffic_simulation/build/lib/traffic_simulation/control
[2.062s] copying traffic_simulation/control/collision_avoidance.py -> /home/memin/traffic_sim_ws/build/traffic_simulation/build/lib/traffic_simulation/control
[2.063s] creating /home/memin/traffic_sim_ws/build/traffic_simulation/build/lib/traffic_simulation/utils
[2.063s] copying traffic_simulation/utils/__init__.py -> /home/memin/traffic_sim_ws/build/traffic_simulation/build/lib/traffic_simulation/utils
[2.064s] running install
[2.074s] running install_lib
[2.108s] creating /home/memin/traffic_sim_ws/install/traffic_simulation/lib/python3.12/site-packages/traffic_simulation/utils
[2.109s] copying /home/memin/traffic_sim_ws/build/traffic_simulation/build/lib/traffic_simulation/utils/__init__.py -> /home/memin/traffic_sim_ws/install/traffic_simulation/lib/python3.12/site-packages/traffic_simulation/utils
[2.109s] creating /home/memin/traffic_sim_ws/install/traffic_simulation/lib/python3.12/site-packages/traffic_simulation/planning
[2.110s] copying /home/memin/traffic_sim_ws/build/traffic_simulation/build/lib/traffic_simulation/planning/route_planner.py -> /home/memin/traffic_sim_ws/install/traffic_simulation/lib/python3.12/site-packages/traffic_simulation/planning
[2.110s] copying /home/memin/traffic_sim_ws/build/traffic_simulation/build/lib/traffic_simulation/planning/path_finder.py -> /home/memin/traffic_sim_ws/install/traffic_simulation/lib/python3.12/site-packages/traffic_simulation/planning
[2.111s] copying /home/memin/traffic_sim_ws/build/traffic_simulation/build/lib/traffic_simulation/planning/__init__.py -> /home/memin/traffic_sim_ws/install/traffic_simulation/lib/python3.12/site-packages/traffic_simulation/planning
[2.111s] copying /home/memin/traffic_sim_ws/build/traffic_simulation/build/lib/traffic_simulation/planning/path_planner.py -> /home/memin/traffic_sim_ws/install/traffic_simulation/lib/python3.12/site-packages/traffic_simulation/planning
[2.111s] creating /home/memin/traffic_sim_ws/install/traffic_simulation/lib/python3.12/site-packages/traffic_simulation/visualization
[2.112s] copying /home/memin/traffic_sim_ws/build/traffic_simulation/build/lib/traffic_simulation/visualization/simple_visualizer.py -> /home/memin/traffic_sim_ws/install/traffic_simulation/lib/python3.12/site-packages/traffic_simulation/visualization
[2.113s] copying /home/memin/traffic_sim_ws/build/traffic_simulation/build/lib/traffic_simulation/visualization/gui.py -> /home/memin/traffic_sim_ws/install/traffic_simulation/lib/python3.12/site-packages/traffic_simulation/visualization
[2.113s] copying /home/memin/traffic_sim_ws/build/traffic_simulation/build/lib/traffic_simulation/visualization/__init__.py -> /home/memin/traffic_sim_ws/install/traffic_simulation/lib/python3.12/site-packages/traffic_simulation/visualization
[2.113s] copying /home/memin/traffic_sim_ws/build/traffic_simulation/build/lib/traffic_simulation/visualization/vehicle.py -> /home/memin/traffic_sim_ws/install/traffic_simulation/lib/python3.12/site-packages/traffic_simulation/visualization
[2.114s] creating /home/memin/traffic_sim_ws/install/traffic_simulation/lib/python3.12/site-packages/traffic_simulation/control
[2.114s] copying /home/memin/traffic_sim_ws/build/traffic_simulation/build/lib/traffic_simulation/control/__init__.py -> /home/memin/traffic_sim_ws/install/traffic_simulation/lib/python3.12/site-packages/traffic_simulation/control
[2.115s] copying /home/memin/traffic_sim_ws/build/traffic_simulation/build/lib/traffic_simulation/control/path_follower.py -> /home/memin/traffic_sim_ws/install/traffic_simulation/lib/python3.12/site-packages/traffic_simulation/control
[2.115s] copying /home/memin/traffic_sim_ws/build/traffic_simulation/build/lib/traffic_simulation/control/collision_avoidance.py -> /home/memin/traffic_sim_ws/install/traffic_simulation/lib/python3.12/site-packages/traffic_simulation/control
[2.115s] byte-compiling /home/memin/traffic_sim_ws/install/traffic_simulation/lib/python3.12/site-packages/traffic_simulation/utils/__init__.py to __init__.cpython-312.pyc
[2.116s] byte-compiling /home/memin/traffic_sim_ws/install/traffic_simulation/lib/python3.12/site-packages/traffic_simulation/planning/route_planner.py to route_planner.cpython-312.pyc
[2.118s] byte-compiling /home/memin/traffic_sim_ws/install/traffic_simulation/lib/python3.12/site-packages/traffic_simulation/planning/path_finder.py to path_finder.cpython-312.pyc
[2.120s] byte-compiling /home/memin/traffic_sim_ws/install/traffic_simulation/lib/python3.12/site-packages/traffic_simulation/planning/__init__.py to __init__.cpython-312.pyc
[2.120s] byte-compiling /home/memin/traffic_sim_ws/install/traffic_simulation/lib/python3.12/site-packages/traffic_simulation/planning/path_planner.py to path_planner.cpython-312.pyc
[2.122s] byte-compiling /home/memin/traffic_sim_ws/install/traffic_simulation/lib/python3.12/site-packages/traffic_simulation/visualization/simple_visualizer.py to simple_visualizer.cpython-312.pyc
[2.127s] byte-compiling /home/memin/traffic_sim_ws/install/traffic_simulation/lib/python3.12/site-packages/traffic_simulation/visualization/gui.py to gui.cpython-312.pyc
[2.134s] byte-compiling /home/memin/traffic_sim_ws/install/traffic_simulation/lib/python3.12/site-packages/traffic_simulation/visualization/__init__.py to __init__.cpython-312.pyc
[2.134s] byte-compiling /home/memin/traffic_sim_ws/install/traffic_simulation/lib/python3.12/site-packages/traffic_simulation/visualization/vehicle.py to vehicle.cpython-312.pyc
[2.140s] byte-compiling /home/memin/traffic_sim_ws/install/traffic_simulation/lib/python3.12/site-packages/traffic_simulation/control/__init__.py to __init__.cpython-312.pyc
[2.141s] byte-compiling /home/memin/traffic_sim_ws/install/traffic_simulation/lib/python3.12/site-packages/traffic_simulation/control/path_follower.py to path_follower.cpython-312.pyc
[2.142s] byte-compiling /home/memin/traffic_sim_ws/install/traffic_simulation/lib/python3.12/site-packages/traffic_simulation/control/collision_avoidance.py to collision_avoidance.cpython-312.pyc
[2.144s] running install_data
[2.144s] running install_egg_info
[2.182s] removing '/home/memin/traffic_sim_ws/install/traffic_simulation/lib/python3.12/site-packages/traffic_simulation-0.0.1-py3.12.egg-info' (and everything under it)
[2.183s] Copying ../../build/traffic_simulation/traffic_simulation.egg-info to /home/memin/traffic_sim_ws/install/traffic_simulation/lib/python3.12/site-packages/traffic_simulation-0.0.1-py3.12.egg-info
[2.185s] running install_scripts
[2.434s] Installing gui script to /home/memin/traffic_sim_ws/install/traffic_simulation/lib/traffic_simulation
[2.435s] Installing simple_visualizer script to /home/memin/traffic_sim_ws/install/traffic_simulation/lib/traffic_simulation
[2.436s] writing list of installed files to '/home/memin/traffic_sim_ws/build/traffic_simulation/install.log'
[2.488s] Invoked command in '/home/memin/traffic_sim_ws/src/traffic_simulation' returned '0': PYTHONPATH=/home/memin/traffic_sim_ws/build/traffic_simulation/prefix_override:/usr/lib/python3/dist-packages/colcon_core/task/python/colcon_distutils_commands:/home/memin/traffic_sim_ws/install/traffic_simulation/lib/python3.12/site-packages:${PYTHONPATH} /usr/bin/python3 -W ignore:setup.py install is deprecated -W ignore:easy_install command is deprecated setup.py egg_info --egg-base ../../build/traffic_simulation build --build-base /home/memin/traffic_sim_ws/build/traffic_simulation/build install --record /home/memin/traffic_sim_ws/build/traffic_simulation/install.log --single-version-externally-managed install_data
