[1.138s] DEBUG:colcon:Command line arguments: ['/usr/bin/colcon', 'build', '--packages-select', 'traffic_simulation']
[1.138s] DEBUG:colcon:Parsed command line arguments: Namespace(log_base=None, log_level=None, verb_name='build', build_base='build', install_base='install', merge_install=False, symlink_install=False, test_result_base=None, continue_on_error=False, executor='parallel', parallel_workers=12, event_handlers=None, ignore_user_meta=False, metas=['./colcon.meta'], base_paths=['.'], packages_ignore=None, packages_ignore_regex=None, paths=None, packages_up_to=None, packages_up_to_regex=None, packages_above=None, packages_above_and_dependencies=None, packages_above_depth=None, packages_select_by_dep=None, packages_skip_by_dep=None, packages_skip_up_to=None, packages_select_build_failed=False, packages_skip_build_finished=False, packages_select_test_failures=False, packages_skip_test_passed=False, packages_select=['traffic_simulation'], packages_skip=None, packages_select_regex=None, packages_skip_regex=None, packages_start=None, packages_end=None, allow_overriding=[], cmake_args=None, cmake_target=None, cmake_target_skip_unavailable=False, cmake_clean_cache=False, cmake_clean_first=False, cmake_force_configure=False, ament_cmake_args=None, catkin_cmake_args=None, catkin_skip_building_tests=False, mixin_files=None, mixin=None, verb_parser=<colcon_mixin.mixin.mixin_argument.MixinArgumentDecorator object at 0x7fac26dd5f70>, verb_extension=<colcon_core.verb.build.BuildVerb object at 0x7fac26f2db20>, main=<bound method BuildVerb.main of <colcon_core.verb.build.BuildVerb object at 0x7fac26f2db20>>, mixin_verb=('build',))
[1.256s] Level 1:colcon.colcon_core.package_discovery:discover_packages(colcon_meta) check parameters
[1.256s] Level 1:colcon.colcon_core.package_discovery:discover_packages(recursive) check parameters
[1.256s] Level 1:colcon.colcon_core.package_discovery:discover_packages(ignore) check parameters
[1.256s] Level 1:colcon.colcon_core.package_discovery:discover_packages(path) check parameters
[1.256s] Level 1:colcon.colcon_core.package_discovery:discover_packages(colcon_meta) discover
[1.257s] Level 1:colcon.colcon_core.package_discovery:discover_packages(recursive) discover
[1.257s] INFO:colcon.colcon_core.package_discovery:Crawling recursively for packages in '/home/memin/traffic_sim_ws'
[1.257s] Level 1:colcon.colcon_core.package_identification:_identify(.) by extensions ['ignore', 'ignore_ament_install']
[1.257s] Level 1:colcon.colcon_core.package_identification:_identify(.) by extension 'ignore'
[1.257s] Level 1:colcon.colcon_core.package_identification:_identify(.) by extension 'ignore_ament_install'
[1.258s] Level 1:colcon.colcon_core.package_identification:_identify(.) by extensions ['colcon_pkg']
[1.258s] Level 1:colcon.colcon_core.package_identification:_identify(.) by extension 'colcon_pkg'
[1.258s] Level 1:colcon.colcon_core.package_identification:_identify(.) by extensions ['colcon_meta']
[1.258s] Level 1:colcon.colcon_core.package_identification:_identify(.) by extension 'colcon_meta'
[1.258s] Level 1:colcon.colcon_core.package_identification:_identify(.) by extensions ['ros']
[1.258s] Level 1:colcon.colcon_core.package_identification:_identify(.) by extension 'ros'
[1.316s] Level 1:colcon.colcon_core.package_identification:_identify(.) by extensions ['cmake', 'python']
[1.316s] Level 1:colcon.colcon_core.package_identification:_identify(.) by extension 'cmake'
[1.316s] Level 1:colcon.colcon_core.package_identification:_identify(.) by extension 'python'
[1.316s] Level 1:colcon.colcon_core.package_identification:_identify(.) by extensions ['python_setup_py']
[1.316s] Level 1:colcon.colcon_core.package_identification:_identify(.) by extension 'python_setup_py'
[1.316s] Level 1:colcon.colcon_core.package_identification:_identify(build) by extensions ['ignore', 'ignore_ament_install']
[1.317s] Level 1:colcon.colcon_core.package_identification:_identify(build) by extension 'ignore'
[1.317s] Level 1:colcon.colcon_core.package_identification:_identify(build) ignored
[1.317s] Level 1:colcon.colcon_core.package_identification:_identify(install) by extensions ['ignore', 'ignore_ament_install']
[1.317s] Level 1:colcon.colcon_core.package_identification:_identify(install) by extension 'ignore'
[1.317s] Level 1:colcon.colcon_core.package_identification:_identify(install) ignored
[1.318s] Level 1:colcon.colcon_core.package_identification:_identify(log) by extensions ['ignore', 'ignore_ament_install']
[1.318s] Level 1:colcon.colcon_core.package_identification:_identify(log) by extension 'ignore'
[1.318s] Level 1:colcon.colcon_core.package_identification:_identify(log) ignored
[1.318s] Level 1:colcon.colcon_core.package_identification:_identify(src) by extensions ['ignore', 'ignore_ament_install']
[1.318s] Level 1:colcon.colcon_core.package_identification:_identify(src) by extension 'ignore'
[1.318s] Level 1:colcon.colcon_core.package_identification:_identify(src) by extension 'ignore_ament_install'
[1.318s] Level 1:colcon.colcon_core.package_identification:_identify(src) by extensions ['colcon_pkg']
[1.319s] Level 1:colcon.colcon_core.package_identification:_identify(src) by extension 'colcon_pkg'
[1.319s] Level 1:colcon.colcon_core.package_identification:_identify(src) by extensions ['colcon_meta']
[1.319s] Level 1:colcon.colcon_core.package_identification:_identify(src) by extension 'colcon_meta'
[1.319s] Level 1:colcon.colcon_core.package_identification:_identify(src) by extensions ['ros']
[1.319s] Level 1:colcon.colcon_core.package_identification:_identify(src) by extension 'ros'
[1.319s] Level 1:colcon.colcon_core.package_identification:_identify(src) by extensions ['cmake', 'python']
[1.319s] Level 1:colcon.colcon_core.package_identification:_identify(src) by extension 'cmake'
[1.319s] Level 1:colcon.colcon_core.package_identification:_identify(src) by extension 'python'
[1.319s] Level 1:colcon.colcon_core.package_identification:_identify(src) by extensions ['python_setup_py']
[1.319s] Level 1:colcon.colcon_core.package_identification:_identify(src) by extension 'python_setup_py'
[1.320s] Level 1:colcon.colcon_core.package_identification:_identify(src/traffic_simulation) by extensions ['ignore', 'ignore_ament_install']
[1.320s] Level 1:colcon.colcon_core.package_identification:_identify(src/traffic_simulation) by extension 'ignore'
[1.320s] Level 1:colcon.colcon_core.package_identification:_identify(src/traffic_simulation) by extension 'ignore_ament_install'
[1.320s] Level 1:colcon.colcon_core.package_identification:_identify(src/traffic_simulation) by extensions ['colcon_pkg']
[1.320s] Level 1:colcon.colcon_core.package_identification:_identify(src/traffic_simulation) by extension 'colcon_pkg'
[1.320s] Level 1:colcon.colcon_core.package_identification:_identify(src/traffic_simulation) by extensions ['colcon_meta']
[1.320s] Level 1:colcon.colcon_core.package_identification:_identify(src/traffic_simulation) by extension 'colcon_meta'
[1.320s] Level 1:colcon.colcon_core.package_identification:_identify(src/traffic_simulation) by extensions ['ros']
[1.320s] Level 1:colcon.colcon_core.package_identification:_identify(src/traffic_simulation) by extension 'ros'
[1.324s] DEBUG:colcon.colcon_core.package_identification:Package 'src/traffic_simulation' with type 'ros.ament_python' and name 'traffic_simulation'
[1.324s] Level 1:colcon.colcon_core.package_discovery:discover_packages(recursive) using defaults
[1.324s] Level 1:colcon.colcon_core.package_discovery:discover_packages(ignore) discover
[1.324s] Level 1:colcon.colcon_core.package_discovery:discover_packages(ignore) using defaults
[1.324s] Level 1:colcon.colcon_core.package_discovery:discover_packages(path) discover
[1.325s] Level 1:colcon.colcon_core.package_discovery:discover_packages(path) using defaults
[1.363s] Level 1:colcon.colcon_core.package_discovery:discover_packages(prefix_path) check parameters
[1.363s] Level 1:colcon.colcon_core.package_discovery:discover_packages(prefix_path) discover
[1.366s] DEBUG:colcon.colcon_installed_package_information.package_discovery:Found 1 installed packages in /home/memin/traffic_sim_ws/install
[1.367s] DEBUG:colcon.colcon_installed_package_information.package_discovery:Found 0 installed packages in /home/memin/bitirme/install
[1.368s] DEBUG:colcon.colcon_installed_package_information.package_discovery:Found 1 installed packages in /home/memin/install
[1.370s] DEBUG:colcon.colcon_installed_package_information.package_discovery:Found 285 installed packages in /opt/ros/jazzy
[1.372s] Level 1:colcon.colcon_core.package_discovery:discover_packages(prefix_path) using defaults
[1.487s] Level 5:colcon.colcon_core.verb:set package 'traffic_simulation' build argument 'cmake_args' from command line to 'None'
[1.487s] Level 5:colcon.colcon_core.verb:set package 'traffic_simulation' build argument 'cmake_target' from command line to 'None'
[1.487s] Level 5:colcon.colcon_core.verb:set package 'traffic_simulation' build argument 'cmake_target_skip_unavailable' from command line to 'False'
[1.487s] Level 5:colcon.colcon_core.verb:set package 'traffic_simulation' build argument 'cmake_clean_cache' from command line to 'False'
[1.488s] Level 5:colcon.colcon_core.verb:set package 'traffic_simulation' build argument 'cmake_clean_first' from command line to 'False'
[1.488s] Level 5:colcon.colcon_core.verb:set package 'traffic_simulation' build argument 'cmake_force_configure' from command line to 'False'
[1.488s] Level 5:colcon.colcon_core.verb:set package 'traffic_simulation' build argument 'ament_cmake_args' from command line to 'None'
[1.488s] Level 5:colcon.colcon_core.verb:set package 'traffic_simulation' build argument 'catkin_cmake_args' from command line to 'None'
[1.488s] Level 5:colcon.colcon_core.verb:set package 'traffic_simulation' build argument 'catkin_skip_building_tests' from command line to 'False'
[1.488s] DEBUG:colcon.colcon_core.verb:Building package 'traffic_simulation' with the following arguments: {'ament_cmake_args': None, 'build_base': '/home/memin/traffic_sim_ws/build/traffic_simulation', 'catkin_cmake_args': None, 'catkin_skip_building_tests': False, 'cmake_args': None, 'cmake_clean_cache': False, 'cmake_clean_first': False, 'cmake_force_configure': False, 'cmake_target': None, 'cmake_target_skip_unavailable': False, 'install_base': '/home/memin/traffic_sim_ws/install/traffic_simulation', 'merge_install': False, 'path': '/home/memin/traffic_sim_ws/src/traffic_simulation', 'symlink_install': False, 'test_result_base': None}
[1.488s] INFO:colcon.colcon_core.executor:Executing jobs using 'parallel' executor
[1.490s] DEBUG:colcon.colcon_parallel_executor.executor.parallel:run_until_complete
[1.491s] INFO:colcon.colcon_ros.task.ament_python.build:Building ROS package in '/home/memin/traffic_sim_ws/src/traffic_simulation' with build type 'ament_python'
[1.491s] Level 1:colcon.colcon_core.shell:create_environment_hook('traffic_simulation', 'ament_prefix_path')
[1.495s] INFO:colcon.colcon_core.plugin_system:Skipping extension 'colcon_core.shell.bat': Not used on non-Windows systems
[1.495s] INFO:colcon.colcon_core.shell:Creating environment hook '/home/memin/traffic_sim_ws/install/traffic_simulation/share/traffic_simulation/hook/ament_prefix_path.ps1'
[1.496s] INFO:colcon.colcon_core.shell:Creating environment descriptor '/home/memin/traffic_sim_ws/install/traffic_simulation/share/traffic_simulation/hook/ament_prefix_path.dsv'
[1.497s] INFO:colcon.colcon_core.shell:Creating environment hook '/home/memin/traffic_sim_ws/install/traffic_simulation/share/traffic_simulation/hook/ament_prefix_path.sh'
[1.499s] INFO:colcon.colcon_core.shell:Skip shell extension 'powershell' for command environment: Not usable outside of PowerShell
[1.499s] DEBUG:colcon.colcon_core.shell:Skip shell extension 'dsv' for command environment
[1.997s] INFO:colcon.colcon_core.task.python.build:Building Python package in '/home/memin/traffic_sim_ws/src/traffic_simulation'
[1.998s] INFO:colcon.colcon_core.shell:Skip shell extension 'powershell' for command environment: Not usable outside of PowerShell
[1.998s] DEBUG:colcon.colcon_core.shell:Skip shell extension 'dsv' for command environment
[3.239s] DEBUG:colcon.colcon_core.event_handler.log_command:Invoking command in '/home/memin/traffic_sim_ws/src/traffic_simulation': PYTHONPATH=/home/memin/traffic_sim_ws/build/traffic_simulation/prefix_override:/usr/lib/python3/dist-packages/colcon_core/task/python/colcon_distutils_commands:/home/memin/traffic_sim_ws/install/traffic_simulation/lib/python3.12/site-packages:${PYTHONPATH} /usr/bin/python3 -W ignore:setup.py install is deprecated -W ignore:easy_install command is deprecated setup.py egg_info --egg-base ../../build/traffic_simulation build --build-base /home/memin/traffic_sim_ws/build/traffic_simulation/build install --record /home/memin/traffic_sim_ws/build/traffic_simulation/install.log --single-version-externally-managed install_data
[4.368s] DEBUG:colcon.colcon_core.event_handler.log_command:Invoked command in '/home/memin/traffic_sim_ws/src/traffic_simulation' returned '0': PYTHONPATH=/home/memin/traffic_sim_ws/build/traffic_simulation/prefix_override:/usr/lib/python3/dist-packages/colcon_core/task/python/colcon_distutils_commands:/home/memin/traffic_sim_ws/install/traffic_simulation/lib/python3.12/site-packages:${PYTHONPATH} /usr/bin/python3 -W ignore:setup.py install is deprecated -W ignore:easy_install command is deprecated setup.py egg_info --egg-base ../../build/traffic_simulation build --build-base /home/memin/traffic_sim_ws/build/traffic_simulation/build install --record /home/memin/traffic_sim_ws/build/traffic_simulation/install.log --single-version-externally-managed install_data
[4.371s] Level 1:colcon.colcon_core.environment:checking '/home/memin/traffic_sim_ws/install/traffic_simulation' for CMake module files
[4.371s] Level 1:colcon.colcon_core.environment:checking '/home/memin/traffic_sim_ws/install/traffic_simulation' for CMake config files
[4.372s] Level 1:colcon.colcon_core.environment:checking '/home/memin/traffic_sim_ws/install/traffic_simulation/lib'
[4.372s] Level 1:colcon.colcon_core.environment:checking '/home/memin/traffic_sim_ws/install/traffic_simulation/bin'
[4.372s] Level 1:colcon.colcon_core.environment:checking '/home/memin/traffic_sim_ws/install/traffic_simulation/lib/pkgconfig/traffic_simulation.pc'
[4.373s] Level 1:colcon.colcon_core.environment:checking '/home/memin/traffic_sim_ws/install/traffic_simulation/lib/python3.12/site-packages'
[4.373s] Level 1:colcon.colcon_core.shell:create_environment_hook('traffic_simulation', 'pythonpath')
[4.373s] INFO:colcon.colcon_core.shell:Creating environment hook '/home/memin/traffic_sim_ws/install/traffic_simulation/share/traffic_simulation/hook/pythonpath.ps1'
[4.374s] INFO:colcon.colcon_core.shell:Creating environment descriptor '/home/memin/traffic_sim_ws/install/traffic_simulation/share/traffic_simulation/hook/pythonpath.dsv'
[4.374s] INFO:colcon.colcon_core.shell:Creating environment hook '/home/memin/traffic_sim_ws/install/traffic_simulation/share/traffic_simulation/hook/pythonpath.sh'
[4.375s] Level 1:colcon.colcon_core.environment:checking '/home/memin/traffic_sim_ws/install/traffic_simulation/bin'
[4.375s] Level 1:colcon.colcon_core.environment:create_environment_scripts_only(traffic_simulation)
[4.375s] INFO:colcon.colcon_core.shell:Creating package script '/home/memin/traffic_sim_ws/install/traffic_simulation/share/traffic_simulation/package.ps1'
[4.377s] INFO:colcon.colcon_core.shell:Creating package descriptor '/home/memin/traffic_sim_ws/install/traffic_simulation/share/traffic_simulation/package.dsv'
[4.378s] INFO:colcon.colcon_core.shell:Creating package script '/home/memin/traffic_sim_ws/install/traffic_simulation/share/traffic_simulation/package.sh'
[4.379s] INFO:colcon.colcon_core.shell:Creating package script '/home/memin/traffic_sim_ws/install/traffic_simulation/share/traffic_simulation/package.bash'
[4.380s] INFO:colcon.colcon_core.shell:Creating package script '/home/memin/traffic_sim_ws/install/traffic_simulation/share/traffic_simulation/package.zsh'
[4.381s] Level 1:colcon.colcon_core.environment:create_file_with_runtime_dependencies(/home/memin/traffic_sim_ws/install/traffic_simulation/share/colcon-core/packages/traffic_simulation)
[4.381s] DEBUG:colcon.colcon_parallel_executor.executor.parallel:closing loop
[4.382s] DEBUG:colcon.colcon_parallel_executor.executor.parallel:loop closed
[4.383s] DEBUG:colcon.colcon_parallel_executor.executor.parallel:run_until_complete finished with '0'
[4.383s] DEBUG:colcon.colcon_core.event_reactor:joining thread
[4.504s] INFO:colcon.colcon_core.plugin_system:Skipping extension 'colcon_notification.desktop_notification.notify_send': Could not find 'notify-send'
[4.505s] INFO:colcon.colcon_core.plugin_system:Skipping extension 'colcon_notification.desktop_notification.terminal_notifier': Not used on non-Darwin systems
[4.505s] INFO:colcon.colcon_core.plugin_system:Skipping extension 'colcon_notification.desktop_notification.win32': Not used on non-Windows systems
[4.505s] INFO:colcon.colcon_notification.desktop_notification:Sending desktop notification using 'notify2'
[4.507s] DEBUG:colcon.colcon_notification.desktop_notification.notify2:Failed to initialize notify2: org.freedesktop.DBus.Error.ServiceUnknown: The name org.freedesktop.Notifications was not provided by any .service files
[4.507s] DEBUG:colcon.colcon_core.event_reactor:joined thread
[4.507s] INFO:colcon.colcon_core.shell:Creating prefix script '/home/memin/traffic_sim_ws/install/local_setup.ps1'
[4.509s] INFO:colcon.colcon_core.shell:Creating prefix util module '/home/memin/traffic_sim_ws/install/_local_setup_util_ps1.py'
[4.510s] INFO:colcon.colcon_core.shell:Creating prefix chain script '/home/memin/traffic_sim_ws/install/setup.ps1'
[4.511s] INFO:colcon.colcon_core.shell:Creating prefix script '/home/memin/traffic_sim_ws/install/local_setup.sh'
[4.512s] INFO:colcon.colcon_core.shell:Creating prefix util module '/home/memin/traffic_sim_ws/install/_local_setup_util_sh.py'
[4.513s] INFO:colcon.colcon_core.shell:Creating prefix chain script '/home/memin/traffic_sim_ws/install/setup.sh'
[4.514s] INFO:colcon.colcon_core.shell:Creating prefix script '/home/memin/traffic_sim_ws/install/local_setup.bash'
[4.515s] INFO:colcon.colcon_core.shell:Creating prefix chain script '/home/memin/traffic_sim_ws/install/setup.bash'
[4.516s] INFO:colcon.colcon_core.shell:Creating prefix script '/home/memin/traffic_sim_ws/install/local_setup.zsh'
[4.517s] INFO:colcon.colcon_core.shell:Creating prefix chain script '/home/memin/traffic_sim_ws/install/setup.zsh'
